<?xml version="1.0" encoding="UTF-8"?>
<!-- Generated by org.testng.reporters.JUnitReportReporter -->
<testsuite hostname="VADLH2XPSQ2" name="configure_SHAN0196.SHAN0196_Active" tests="1" failures="0" timestamp="18 Oct 2019 09:54:23 GMT" time="113.558" errors="0">
  <testcase name="makeActive" time="113.558" classname="configure_SHAN0196.SHAN0196_Active"/>
</testsuite> <!-- configure_SHAN0196.SHAN0196_Active -->
