<?xml version="1.0" encoding="UTF-8"?>
<!-- Generated by org.testng.reporters.JUnitReportReporter -->
<testsuite hostname="VADLH2XPSQ2" name="configure_WRIG0483.ProjectConfigured_WRIG0483" tests="1" failures="0" timestamp="18 Oct 2019 07:21:08 GMT" time="422.953" errors="0">
  <testcase name="projectAndContractSetting" time="422.953" classname="configure_WRIG0483.ProjectConfigured_WRIG0483"/>
</testsuite> <!-- configure_WRIG0483.ProjectConfigured_WRIG0483 -->
