<?xml version="1.0" encoding="UTF-8"?>
<!-- Generated by org.testng.reporters.JUnitReportReporter -->
<testsuite hostname="VADLH2XPSQ2" name="projectApprovalGroup.AaronAdsitReqApprovalAmount" tests="1" failures="0" timestamp="6 Nov 2019 12:19:35 GMT" time="139.939" errors="0">
  <testcase name="setReqApprovalAmount" time="139.939" classname="projectApprovalGroup.AaronAdsitReqApprovalAmount"/>
</testsuite> <!-- projectApprovalGroup.AaronAdsitReqApprovalAmount -->
