<?xml version="1.0" encoding="UTF-8"?>
<!-- Generated by org.testng.reporters.JUnitReportReporter -->
<testsuite hostname="VADLH2XPSQ2" name="configure_WRIG0483.RemoveRequiredCustomFields_WRIG0483" tests="1" failures="0" timestamp="18 Oct 2019 07:03:26 GMT" time="490.508" errors="0">
  <testcase name="removeRequiredFieldsOnClientUserDefinedFields" time="490.508" classname="configure_WRIG0483.RemoveRequiredCustomFields_WRIG0483"/>
</testsuite> <!-- configure_WRIG0483.RemoveRequiredCustomFields_WRIG0483 -->
