<?xml version="1.0" encoding="UTF-8"?>
<!-- Generated by org.testng.reporters.JUnitReportReporter -->
<testsuite hostname="VADLH2XPSQ2" name="Configure_SEIT0019.CreateApprovalWorkFlow_SEIT0019" tests="1" failures="0" timestamp="18 Oct 2019 10:17:30 GMT" time="553.212" errors="0">
  <testcase name="setApprovalWorkFlowForSEIT0019" time="553.212" classname="Configure_SEIT0019.CreateApprovalWorkFlow_SEIT0019"/>
</testsuite> <!-- Configure_SEIT0019.CreateApprovalWorkFlow_SEIT0019 -->
