<?xml version="1.0" encoding="UTF-8"?>
<!-- Generated by org.testng.reporters.JUnitReportReporter -->
<testsuite hostname="VADLH2XPSQ2" name="configure_JACK0931.AddContact_JACK0931" tests="1" failures="0" timestamp="18 Oct 2019 09:29:37 GMT" time="259.769" errors="0">
  <testcase name="addContactToProject" time="259.769" classname="configure_JACK0931.AddContact_JACK0931"/>
</testsuite> <!-- configure_JACK0931.AddContact_JACK0931 -->
