<?xml version="1.0" encoding="UTF-8"?>
<!-- Generated by org.testng.reporters.JUnitReportReporter -->
<testsuite hostname="VADLH2XPSQ2" name="configure_WRIG0483.AddContact_WRIG484" tests="1" failures="0" timestamp="18 Oct 2019 07:26:05 GMT" time="247.192" errors="0">
  <testcase name="addContactToProject" time="247.192" classname="configure_WRIG0483.AddContact_WRIG484"/>
</testsuite> <!-- configure_WRIG0483.AddContact_WRIG484 -->
