<?xml version="1.0" encoding="UTF-8"?>
<!-- Generated by org.testng.reporters.JUnitReportReporter -->
<testsuite hostname="VADLH2XPSQ2" name="projectApprovalGroup.AddAaronAdsitInApprovalGroup" tests="1" failures="0" timestamp="6 Nov 2019 12:39:30 GMT" time="208.099" errors="0">
  <testcase name="addContactApprovalGroup" time="208.099" classname="projectApprovalGroup.AddAaronAdsitInApprovalGroup"/>
</testsuite> <!-- projectApprovalGroup.AddAaronAdsitInApprovalGroup -->
