<?xml version="1.0" encoding="UTF-8"?>
<!-- Generated by org.testng.reporters.JUnitReportReporter -->
<testsuite hostname="VADLH2XPSQ2" name="configureForProjectApprovalScripts.AddContactApprovalGroup" tests="1" failures="0" timestamp="16 Aug 2019 13:49:33 GMT" time="335.820" errors="0">
  <testcase name="addContactLynnMurray" time="335.820" classname="configureForProjectApprovalScripts.AddContactApprovalGroup"/>
</testsuite> <!-- configureForProjectApprovalScripts.AddContactApprovalGroup -->
