<?xml version="1.0" encoding="UTF-8"?>
<!-- Generated by org.testng.reporters.JUnitReportReporter -->
<testsuite hostname="VADLH2XPSQ2" name="projectApprovalGroup.AddStanleyKreydinInApprovalGroup" tests="1" failures="0" timestamp="5 Nov 2019 13:00:30 GMT" time="121.696" errors="0">
  <testcase name="addContactApprovalGroup" time="121.696" classname="projectApprovalGroup.AddStanleyKreydinInApprovalGroup"/>
</testsuite> <!-- projectApprovalGroup.AddStanleyKreydinInApprovalGroup -->
