<?xml version="1.0" encoding="UTF-8"?>
<!-- Generated by org.testng.reporters.JUnitReportReporter -->
<testsuite hostname="VADLH2XPSQ2" name="configure_WRIG0483.AWF4_WRIG0483" tests="1" failures="0" timestamp="18 Oct 2019 06:54:41 GMT" time="666.767" errors="0">
  <testcase name="setApprovalWorkFlowForWRIG0483" time="666.767" classname="configure_WRIG0483.AWF4_WRIG0483"/>
</testsuite> <!-- configure_WRIG0483.AWF4_WRIG0483 -->
