<?xml version="1.0" encoding="UTF-8"?>
<!-- Generated by org.testng.reporters.JUnitReportReporter -->
<testsuite hostname="VADLH2XPSQ2" name="projectApprovalGroup.AWF1_PA_DOA_ALL" tests="1" failures="0" timestamp="8 Nov 2019 10:32:52 GMT" time="855.323" errors="0">
  <testcase name="setApprovalWorkFlow" time="855.323" classname="projectApprovalGroup.AWF1_PA_DOA_ALL"/>
</testsuite> <!-- projectApprovalGroup.AWF1_PA_DOA_ALL -->
