<?xml version="1.0" encoding="UTF-8"?>
<!-- Generated by org.testng.reporters.JUnitReportReporter -->
<testsuite hostname="VADLH2XPSQ2" name="configure_JACK0931.ProjectConfigured_JACK0931" tests="1" failures="0" timestamp="18 Oct 2019 09:25:03 GMT" time="191.247" errors="0">
  <testcase name="projectAndContractSetting" time="191.247" classname="configure_JACK0931.ProjectConfigured_JACK0931"/>
</testsuite> <!-- configure_JACK0931.ProjectConfigured_JACK0931 -->
