<?xml version="1.0" encoding="UTF-8"?>
<!-- Generated by org.testng.reporters.JUnitReportReporter -->
<testsuite hostname="VADLH2XPSQ2" name="configure_JACK0931.BURightsToDerekCalvin" tests="1" failures="0" timestamp="18 Oct 2019 09:38:14 GMT" time="143.423" errors="0">
  <testcase name="addViewRightsToContact" time="143.423" classname="configure_JACK0931.BURightsToDerekCalvin"/>
</testsuite> <!-- configure_JACK0931.BURightsToDerekCalvin -->
