<?xml version="1.0" encoding="UTF-8"?>
<!-- Generated by org.testng.reporters.JUnitReportReporter -->
<testsuite hostname="VADLH2XPSQ2" name="configure_KACE0003.AWF_CHRI0160" tests="1" failures="0" timestamp="16 Jul 2019 12:32:33 GMT" time="560.916" errors="0">
  <testcase name="setApprovalWorkFlowForCHRI0160" time="560.916" classname="configure_KACE0003.AWF_CHRI0160"/>
</testsuite> <!-- configure_KACE0003.AWF_CHRI0160 -->
