<?xml version="1.0" encoding="UTF-8"?>
<!-- Generated by org.testng.reporters.JUnitReportReporter -->
<testsuite hostname="VADLH2XPSQ2" name="configure_SHAN0196.AddApprovalManager_SHAN0196" tests="1" failures="0" timestamp="18 Oct 2019 10:05:23 GMT" time="167.955" errors="0">
  <testcase name="addContact" time="167.955" classname="configure_SHAN0196.AddApprovalManager_SHAN0196"/>
</testsuite> <!-- configure_SHAN0196.AddApprovalManager_SHAN0196 -->
