<?xml version="1.0" encoding="UTF-8"?>
<!-- Generated by org.testng.reporters.JUnitReportReporter -->
<testsuite hostname="VADDC3CBH92" name="configure_WALD0079.AddDoubleTimeRate" tests="1" failures="0" timestamp="1 Feb 2019 13:29:46 GMT" time="219.077" errors="0">
  <testcase name="addDoubleTimeRateAndConfigureContract" time="219.077" classname="configure_WALD0079.AddDoubleTimeRate"/>
</testsuite> <!-- configure_WALD0079.AddDoubleTimeRate -->
